[3.079s] Invoking command in '/home/snaseem8/ros2_ws/src/squirtle_waypoint_nav': PYTHONPATH=/home/snaseem8/ros2_ws/src/squirtle_waypoint_nav/build/squirtle_waypoint_nav/prefix_override:/usr/lib/python3/dist-packages/colcon_core/task/python/colcon_distutils_commands:/home/snaseem8/ros2_ws/src/squirtle_waypoint_nav/install/squirtle_waypoint_nav/lib/python3.10/site-packages:${PYTHONPATH} /usr/bin/python3 -W ignore:setup.py install is deprecated -W ignore:easy_install command is deprecated setup.py egg_info --egg-base build/squirtle_waypoint_nav build --build-base /home/snaseem8/ros2_ws/src/squirtle_waypoint_nav/build/squirtle_waypoint_nav/build install --record /home/snaseem8/ros2_ws/src/squirtle_waypoint_nav/build/squirtle_waypoint_nav/install.log --single-version-externally-managed install_data
[4.021s] running egg_info
[4.064s] writing build/squirtle_waypoint_nav/squirtle_waypoint_nav.egg-info/PKG-INFO
[4.076s] writing dependency_links to build/squirtle_waypoint_nav/squirtle_waypoint_nav.egg-info/dependency_links.txt
[4.079s] writing entry points to build/squirtle_waypoint_nav/squirtle_waypoint_nav.egg-info/entry_points.txt
[4.080s] writing requirements to build/squirtle_waypoint_nav/squirtle_waypoint_nav.egg-info/requires.txt
[4.081s] writing top-level names to build/squirtle_waypoint_nav/squirtle_waypoint_nav.egg-info/top_level.txt
[4.178s] reading manifest file 'build/squirtle_waypoint_nav/squirtle_waypoint_nav.egg-info/SOURCES.txt'
[4.186s] adding license file 'LICENSE'
[4.186s] writing manifest file 'build/squirtle_waypoint_nav/squirtle_waypoint_nav.egg-info/SOURCES.txt'
[4.186s] running build
[4.186s] running build_py
[4.186s] copying squirtle_waypoint_nav/publish_waypoints.py -> /home/snaseem8/ros2_ws/src/squirtle_waypoint_nav/build/squirtle_waypoint_nav/build/lib/squirtle_waypoint_nav
[4.186s] running install
[4.210s] running install_lib
[4.242s] copying /home/snaseem8/ros2_ws/src/squirtle_waypoint_nav/build/squirtle_waypoint_nav/build/lib/squirtle_waypoint_nav/publish_waypoints.py -> /home/snaseem8/ros2_ws/src/squirtle_waypoint_nav/install/squirtle_waypoint_nav/lib/python3.10/site-packages/squirtle_waypoint_nav
[4.249s] byte-compiling /home/snaseem8/ros2_ws/src/squirtle_waypoint_nav/install/squirtle_waypoint_nav/lib/python3.10/site-packages/squirtle_waypoint_nav/publish_waypoints.py to publish_waypoints.cpython-310.pyc
[4.253s] running install_data
[4.262s] running install_egg_info
[4.316s] removing '/home/snaseem8/ros2_ws/src/squirtle_waypoint_nav/install/squirtle_waypoint_nav/lib/python3.10/site-packages/squirtle_waypoint_nav-0.0.0-py3.10.egg-info' (and everything under it)
[4.317s] Copying build/squirtle_waypoint_nav/squirtle_waypoint_nav.egg-info to /home/snaseem8/ros2_ws/src/squirtle_waypoint_nav/install/squirtle_waypoint_nav/lib/python3.10/site-packages/squirtle_waypoint_nav-0.0.0-py3.10.egg-info
[4.320s] running install_scripts
[4.891s] Installing publish_waypoints script to /home/snaseem8/ros2_ws/src/squirtle_waypoint_nav/install/squirtle_waypoint_nav/lib/squirtle_waypoint_nav
[4.891s] writing list of installed files to '/home/snaseem8/ros2_ws/src/squirtle_waypoint_nav/build/squirtle_waypoint_nav/install.log'
[4.995s] Invoked command in '/home/snaseem8/ros2_ws/src/squirtle_waypoint_nav' returned '0': PYTHONPATH=/home/snaseem8/ros2_ws/src/squirtle_waypoint_nav/build/squirtle_waypoint_nav/prefix_override:/usr/lib/python3/dist-packages/colcon_core/task/python/colcon_distutils_commands:/home/snaseem8/ros2_ws/src/squirtle_waypoint_nav/install/squirtle_waypoint_nav/lib/python3.10/site-packages:${PYTHONPATH} /usr/bin/python3 -W ignore:setup.py install is deprecated -W ignore:easy_install command is deprecated setup.py egg_info --egg-base build/squirtle_waypoint_nav build --build-base /home/snaseem8/ros2_ws/src/squirtle_waypoint_nav/build/squirtle_waypoint_nav/build install --record /home/snaseem8/ros2_ws/src/squirtle_waypoint_nav/build/squirtle_waypoint_nav/install.log --single-version-externally-managed install_data
