[0.394s] DEBUG:colcon:Command line arguments: ['/usr/bin/colcon', 'build', '--packages-select', 'squirtle_waypoint_nav']
[0.395s] DEBUG:colcon:Parsed command line arguments: Namespace(log_base=None, log_level=None, verb_name='build', build_base='build', install_base='install', merge_install=False, symlink_install=False, test_result_base=None, continue_on_error=False, executor='parallel', parallel_workers=4, event_handlers=None, ignore_user_meta=False, metas=['./colcon.meta'], base_paths=['.'], packages_ignore=None, packages_ignore_regex=None, paths=None, packages_up_to=None, packages_up_to_regex=None, packages_above=None, packages_above_and_dependencies=None, packages_above_depth=None, packages_select_by_dep=None, packages_skip_by_dep=None, packages_skip_up_to=None, packages_select_build_failed=False, packages_skip_build_finished=False, packages_select_test_failures=False, packages_skip_test_passed=False, packages_select=['squirtle_waypoint_nav'], packages_skip=None, packages_select_regex=None, packages_skip_regex=None, packages_start=None, packages_end=None, allow_overriding=[], cmake_args=None, cmake_target=None, cmake_target_skip_unavailable=False, cmake_clean_cache=False, cmake_clean_first=False, cmake_force_configure=False, ament_cmake_args=None, catkin_cmake_args=None, catkin_skip_building_tests=False, mixin_files=None, mixin=None, verb_parser=<colcon_mixin.mixin.mixin_argument.MixinArgumentDecorator object at 0x722279d2b970>, verb_extension=<colcon_core.verb.build.BuildVerb object at 0x722279d2b4c0>, main=<bound method BuildVerb.main of <colcon_core.verb.build.BuildVerb object at 0x722279d2b4c0>>, mixin_verb=('build',))
[0.489s] Level 1:colcon.colcon_core.package_discovery:discover_packages(colcon_meta) check parameters
[0.489s] Level 1:colcon.colcon_core.package_discovery:discover_packages(recursive) check parameters
[0.490s] Level 1:colcon.colcon_core.package_discovery:discover_packages(ignore) check parameters
[0.490s] Level 1:colcon.colcon_core.package_discovery:discover_packages(path) check parameters
[0.490s] Level 1:colcon.colcon_core.package_discovery:discover_packages(colcon_meta) discover
[0.491s] Level 1:colcon.colcon_core.package_discovery:discover_packages(recursive) discover
[0.491s] INFO:colcon.colcon_core.package_discovery:Crawling recursively for packages in '/home/snaseem8/ros2_ws/src/squirtle_waypoint_nav'
[0.491s] Level 1:colcon.colcon_core.package_identification:_identify(.) by extensions ['ignore', 'ignore_ament_install']
[0.491s] Level 1:colcon.colcon_core.package_identification:_identify(.) by extension 'ignore'
[0.491s] Level 1:colcon.colcon_core.package_identification:_identify(.) by extension 'ignore_ament_install'
[0.491s] Level 1:colcon.colcon_core.package_identification:_identify(.) by extensions ['colcon_pkg']
[0.491s] Level 1:colcon.colcon_core.package_identification:_identify(.) by extension 'colcon_pkg'
[0.491s] Level 1:colcon.colcon_core.package_identification:_identify(.) by extensions ['colcon_meta']
[0.491s] Level 1:colcon.colcon_core.package_identification:_identify(.) by extension 'colcon_meta'
[0.491s] Level 1:colcon.colcon_core.package_identification:_identify(.) by extensions ['ros']
[0.491s] Level 1:colcon.colcon_core.package_identification:_identify(.) by extension 'ros'
[0.536s] DEBUG:colcon.colcon_core.package_identification:Package '.' with type 'ros.ament_python' and name 'squirtle_waypoint_nav'
[0.537s] Level 1:colcon.colcon_core.package_discovery:discover_packages(recursive) using defaults
[0.537s] Level 1:colcon.colcon_core.package_discovery:discover_packages(ignore) discover
[0.537s] Level 1:colcon.colcon_core.package_discovery:discover_packages(ignore) using defaults
[0.537s] Level 1:colcon.colcon_core.package_discovery:discover_packages(path) discover
[0.538s] Level 1:colcon.colcon_core.package_discovery:discover_packages(path) using defaults
[0.597s] Level 1:colcon.colcon_core.package_discovery:discover_packages(prefix_path) check parameters
[0.597s] Level 1:colcon.colcon_core.package_discovery:discover_packages(prefix_path) discover
[0.607s] DEBUG:colcon.colcon_installed_package_information.package_discovery:Found 15 installed packages in /home/snaseem8/turtlebot3_ws/install
[0.609s] DEBUG:colcon.colcon_installed_package_information.package_discovery:Found 0 installed packages in /home/snaseem8/turtlebot3_ws/src/build/install
[0.612s] DEBUG:colcon.colcon_installed_package_information.package_discovery:Found 31 installed packages in /home/snaseem8/ros2_ws/install
[0.616s] DEBUG:colcon.colcon_installed_package_information.package_discovery:Found 2 installed packages in /home/snaseem8/install
[0.619s] DEBUG:colcon.colcon_installed_package_information.package_discovery:Found 387 installed packages in /opt/ros/humble
[0.627s] Level 1:colcon.colcon_core.package_discovery:discover_packages(prefix_path) using defaults
[0.758s] Level 5:colcon.colcon_core.verb:set package 'squirtle_waypoint_nav' build argument 'cmake_args' from command line to 'None'
[0.758s] Level 5:colcon.colcon_core.verb:set package 'squirtle_waypoint_nav' build argument 'cmake_target' from command line to 'None'
[0.758s] Level 5:colcon.colcon_core.verb:set package 'squirtle_waypoint_nav' build argument 'cmake_target_skip_unavailable' from command line to 'False'
[0.758s] Level 5:colcon.colcon_core.verb:set package 'squirtle_waypoint_nav' build argument 'cmake_clean_cache' from command line to 'False'
[0.758s] Level 5:colcon.colcon_core.verb:set package 'squirtle_waypoint_nav' build argument 'cmake_clean_first' from command line to 'False'
[0.758s] Level 5:colcon.colcon_core.verb:set package 'squirtle_waypoint_nav' build argument 'cmake_force_configure' from command line to 'False'
[0.758s] Level 5:colcon.colcon_core.verb:set package 'squirtle_waypoint_nav' build argument 'ament_cmake_args' from command line to 'None'
[0.760s] Level 5:colcon.colcon_core.verb:set package 'squirtle_waypoint_nav' build argument 'catkin_cmake_args' from command line to 'None'
[0.760s] Level 5:colcon.colcon_core.verb:set package 'squirtle_waypoint_nav' build argument 'catkin_skip_building_tests' from command line to 'False'
[0.760s] DEBUG:colcon.colcon_core.verb:Building package 'squirtle_waypoint_nav' with the following arguments: {'ament_cmake_args': None, 'build_base': '/home/snaseem8/ros2_ws/src/squirtle_waypoint_nav/build/squirtle_waypoint_nav', 'catkin_cmake_args': None, 'catkin_skip_building_tests': False, 'cmake_args': None, 'cmake_clean_cache': False, 'cmake_clean_first': False, 'cmake_force_configure': False, 'cmake_target': None, 'cmake_target_skip_unavailable': False, 'install_base': '/home/snaseem8/ros2_ws/src/squirtle_waypoint_nav/install/squirtle_waypoint_nav', 'merge_install': False, 'path': '/home/snaseem8/ros2_ws/src/squirtle_waypoint_nav', 'symlink_install': False, 'test_result_base': None}
[0.760s] INFO:colcon.colcon_core.executor:Executing jobs using 'parallel' executor
[0.764s] DEBUG:colcon.colcon_parallel_executor.executor.parallel:run_until_complete
[0.765s] INFO:colcon.colcon_ros.task.ament_python.build:Building ROS package in '/home/snaseem8/ros2_ws/src/squirtle_waypoint_nav' with build type 'ament_python'
[0.768s] Level 1:colcon.colcon_core.shell:create_environment_hook('squirtle_waypoint_nav', 'ament_prefix_path')
[0.773s] INFO:colcon.colcon_core.plugin_system:Skipping extension 'colcon_core.shell.bat': Not used on non-Windows systems
[0.773s] INFO:colcon.colcon_core.shell:Creating environment hook '/home/snaseem8/ros2_ws/src/squirtle_waypoint_nav/install/squirtle_waypoint_nav/share/squirtle_waypoint_nav/hook/ament_prefix_path.ps1'
[0.776s] INFO:colcon.colcon_core.shell:Creating environment descriptor '/home/snaseem8/ros2_ws/src/squirtle_waypoint_nav/install/squirtle_waypoint_nav/share/squirtle_waypoint_nav/hook/ament_prefix_path.dsv'
[0.777s] INFO:colcon.colcon_core.shell:Creating environment hook '/home/snaseem8/ros2_ws/src/squirtle_waypoint_nav/install/squirtle_waypoint_nav/share/squirtle_waypoint_nav/hook/ament_prefix_path.sh'
[0.778s] INFO:colcon.colcon_core.shell:Skip shell extension 'powershell' for command environment: Not usable outside of PowerShell
[0.779s] DEBUG:colcon.colcon_core.shell:Skip shell extension 'dsv' for command environment
[1.873s] INFO:colcon.colcon_core.task.python.build:Building Python package in '/home/snaseem8/ros2_ws/src/squirtle_waypoint_nav'
[1.875s] INFO:colcon.colcon_core.shell:Skip shell extension 'powershell' for command environment: Not usable outside of PowerShell
[1.875s] DEBUG:colcon.colcon_core.shell:Skip shell extension 'dsv' for command environment
[4.093s] DEBUG:colcon.colcon_core.event_handler.log_command:Invoking command in '/home/snaseem8/ros2_ws/src/squirtle_waypoint_nav': PYTHONPATH=/home/snaseem8/ros2_ws/src/squirtle_waypoint_nav/build/squirtle_waypoint_nav/prefix_override:/usr/lib/python3/dist-packages/colcon_core/task/python/colcon_distutils_commands:/home/snaseem8/ros2_ws/src/squirtle_waypoint_nav/install/squirtle_waypoint_nav/lib/python3.10/site-packages:${PYTHONPATH} /usr/bin/python3 -W ignore:setup.py install is deprecated -W ignore:easy_install command is deprecated setup.py egg_info --egg-base build/squirtle_waypoint_nav build --build-base /home/snaseem8/ros2_ws/src/squirtle_waypoint_nav/build/squirtle_waypoint_nav/build install --record /home/snaseem8/ros2_ws/src/squirtle_waypoint_nav/build/squirtle_waypoint_nav/install.log --single-version-externally-managed install_data
[6.051s] DEBUG:colcon.colcon_core.event_handler.log_command:Invoked command in '/home/snaseem8/ros2_ws/src/squirtle_waypoint_nav' returned '0': PYTHONPATH=/home/snaseem8/ros2_ws/src/squirtle_waypoint_nav/build/squirtle_waypoint_nav/prefix_override:/usr/lib/python3/dist-packages/colcon_core/task/python/colcon_distutils_commands:/home/snaseem8/ros2_ws/src/squirtle_waypoint_nav/install/squirtle_waypoint_nav/lib/python3.10/site-packages:${PYTHONPATH} /usr/bin/python3 -W ignore:setup.py install is deprecated -W ignore:easy_install command is deprecated setup.py egg_info --egg-base build/squirtle_waypoint_nav build --build-base /home/snaseem8/ros2_ws/src/squirtle_waypoint_nav/build/squirtle_waypoint_nav/build install --record /home/snaseem8/ros2_ws/src/squirtle_waypoint_nav/build/squirtle_waypoint_nav/install.log --single-version-externally-managed install_data
[6.056s] Level 1:colcon.colcon_core.environment:checking '/home/snaseem8/ros2_ws/src/squirtle_waypoint_nav/install/squirtle_waypoint_nav' for CMake module files
[6.056s] Level 1:colcon.colcon_core.environment:checking '/home/snaseem8/ros2_ws/src/squirtle_waypoint_nav/install/squirtle_waypoint_nav' for CMake config files
[6.059s] Level 1:colcon.colcon_core.environment:checking '/home/snaseem8/ros2_ws/src/squirtle_waypoint_nav/install/squirtle_waypoint_nav/lib'
[6.063s] Level 1:colcon.colcon_core.environment:checking '/home/snaseem8/ros2_ws/src/squirtle_waypoint_nav/install/squirtle_waypoint_nav/bin'
[6.063s] Level 1:colcon.colcon_core.environment:checking '/home/snaseem8/ros2_ws/src/squirtle_waypoint_nav/install/squirtle_waypoint_nav/lib/pkgconfig/squirtle_waypoint_nav.pc'
[6.064s] Level 1:colcon.colcon_core.environment:checking '/home/snaseem8/ros2_ws/src/squirtle_waypoint_nav/install/squirtle_waypoint_nav/lib/python3.10/site-packages'
[6.064s] Level 1:colcon.colcon_core.shell:create_environment_hook('squirtle_waypoint_nav', 'pythonpath')
[6.068s] INFO:colcon.colcon_core.shell:Creating environment hook '/home/snaseem8/ros2_ws/src/squirtle_waypoint_nav/install/squirtle_waypoint_nav/share/squirtle_waypoint_nav/hook/pythonpath.ps1'
[6.070s] INFO:colcon.colcon_core.shell:Creating environment descriptor '/home/snaseem8/ros2_ws/src/squirtle_waypoint_nav/install/squirtle_waypoint_nav/share/squirtle_waypoint_nav/hook/pythonpath.dsv'
[6.071s] INFO:colcon.colcon_core.shell:Creating environment hook '/home/snaseem8/ros2_ws/src/squirtle_waypoint_nav/install/squirtle_waypoint_nav/share/squirtle_waypoint_nav/hook/pythonpath.sh'
[6.072s] Level 1:colcon.colcon_core.environment:checking '/home/snaseem8/ros2_ws/src/squirtle_waypoint_nav/install/squirtle_waypoint_nav/bin'
[6.072s] Level 1:colcon.colcon_core.environment:create_environment_scripts_only(squirtle_waypoint_nav)
[6.072s] INFO:colcon.colcon_core.shell:Creating package script '/home/snaseem8/ros2_ws/src/squirtle_waypoint_nav/install/squirtle_waypoint_nav/share/squirtle_waypoint_nav/package.ps1'
[6.077s] INFO:colcon.colcon_core.shell:Creating package descriptor '/home/snaseem8/ros2_ws/src/squirtle_waypoint_nav/install/squirtle_waypoint_nav/share/squirtle_waypoint_nav/package.dsv'
[6.079s] INFO:colcon.colcon_core.shell:Creating package script '/home/snaseem8/ros2_ws/src/squirtle_waypoint_nav/install/squirtle_waypoint_nav/share/squirtle_waypoint_nav/package.sh'
[6.081s] INFO:colcon.colcon_core.shell:Creating package script '/home/snaseem8/ros2_ws/src/squirtle_waypoint_nav/install/squirtle_waypoint_nav/share/squirtle_waypoint_nav/package.bash'
[6.092s] INFO:colcon.colcon_core.shell:Creating package script '/home/snaseem8/ros2_ws/src/squirtle_waypoint_nav/install/squirtle_waypoint_nav/share/squirtle_waypoint_nav/package.zsh'
[6.094s] Level 1:colcon.colcon_core.environment:create_file_with_runtime_dependencies(/home/snaseem8/ros2_ws/src/squirtle_waypoint_nav/install/squirtle_waypoint_nav/share/colcon-core/packages/squirtle_waypoint_nav)
[6.095s] DEBUG:colcon.colcon_parallel_executor.executor.parallel:closing loop
[6.106s] DEBUG:colcon.colcon_parallel_executor.executor.parallel:loop closed
[6.106s] DEBUG:colcon.colcon_parallel_executor.executor.parallel:run_until_complete finished with '0'
[6.106s] DEBUG:colcon.colcon_core.event_reactor:joining thread
[6.160s] INFO:colcon.colcon_core.plugin_system:Skipping extension 'colcon_notification.desktop_notification.terminal_notifier': Not used on non-Darwin systems
[6.160s] INFO:colcon.colcon_core.plugin_system:Skipping extension 'colcon_notification.desktop_notification.win32': Not used on non-Windows systems
[6.160s] INFO:colcon.colcon_notification.desktop_notification:Sending desktop notification using 'notify2'
[6.251s] DEBUG:colcon.colcon_core.event_reactor:joined thread
[6.253s] INFO:colcon.colcon_core.shell:Creating prefix script '/home/snaseem8/ros2_ws/src/squirtle_waypoint_nav/install/local_setup.ps1'
[6.270s] INFO:colcon.colcon_core.shell:Creating prefix util module '/home/snaseem8/ros2_ws/src/squirtle_waypoint_nav/install/_local_setup_util_ps1.py'
[6.279s] INFO:colcon.colcon_core.shell:Creating prefix chain script '/home/snaseem8/ros2_ws/src/squirtle_waypoint_nav/install/setup.ps1'
[6.306s] INFO:colcon.colcon_core.shell:Creating prefix script '/home/snaseem8/ros2_ws/src/squirtle_waypoint_nav/install/local_setup.sh'
[6.311s] INFO:colcon.colcon_core.shell:Creating prefix util module '/home/snaseem8/ros2_ws/src/squirtle_waypoint_nav/install/_local_setup_util_sh.py'
[6.312s] INFO:colcon.colcon_core.shell:Creating prefix chain script '/home/snaseem8/ros2_ws/src/squirtle_waypoint_nav/install/setup.sh'
[6.331s] INFO:colcon.colcon_core.shell:Creating prefix script '/home/snaseem8/ros2_ws/src/squirtle_waypoint_nav/install/local_setup.bash'
[6.334s] INFO:colcon.colcon_core.shell:Creating prefix chain script '/home/snaseem8/ros2_ws/src/squirtle_waypoint_nav/install/setup.bash'
[6.344s] INFO:colcon.colcon_core.shell:Creating prefix script '/home/snaseem8/ros2_ws/src/squirtle_waypoint_nav/install/local_setup.zsh'
[6.345s] INFO:colcon.colcon_core.shell:Creating prefix chain script '/home/snaseem8/ros2_ws/src/squirtle_waypoint_nav/install/setup.zsh'
