[3.326s] Invoking command in '/home/snaseem8/ros2_ws/src/squirtle_waypoint_nav': PYTHONPATH=/home/snaseem8/ros2_ws/src/squirtle_waypoint_nav/build/squirtle_waypoint_nav/prefix_override:/usr/lib/python3/dist-packages/colcon_core/task/python/colcon_distutils_commands:/home/snaseem8/ros2_ws/src/squirtle_waypoint_nav/install/squirtle_waypoint_nav/lib/python3.10/site-packages:${PYTHONPATH} /usr/bin/python3 -W ignore:setup.py install is deprecated -W ignore:easy_install command is deprecated setup.py egg_info --egg-base build/squirtle_waypoint_nav build --build-base /home/snaseem8/ros2_ws/src/squirtle_waypoint_nav/build/squirtle_waypoint_nav/build install --record /home/snaseem8/ros2_ws/src/squirtle_waypoint_nav/build/squirtle_waypoint_nav/install.log --single-version-externally-managed install_data
[4.320s] running egg_info
[4.320s] creating build/squirtle_waypoint_nav/squirtle_waypoint_nav.egg-info
[4.404s] writing build/squirtle_waypoint_nav/squirtle_waypoint_nav.egg-info/PKG-INFO
[4.405s] writing dependency_links to build/squirtle_waypoint_nav/squirtle_waypoint_nav.egg-info/dependency_links.txt
[4.405s] writing entry points to build/squirtle_waypoint_nav/squirtle_waypoint_nav.egg-info/entry_points.txt
[4.407s] writing requirements to build/squirtle_waypoint_nav/squirtle_waypoint_nav.egg-info/requires.txt
[4.407s] writing top-level names to build/squirtle_waypoint_nav/squirtle_waypoint_nav.egg-info/top_level.txt
[4.407s] writing manifest file 'build/squirtle_waypoint_nav/squirtle_waypoint_nav.egg-info/SOURCES.txt'
[4.510s] reading manifest file 'build/squirtle_waypoint_nav/squirtle_waypoint_nav.egg-info/SOURCES.txt'
[4.511s] adding license file 'LICENSE'
[4.511s] writing manifest file 'build/squirtle_waypoint_nav/squirtle_waypoint_nav.egg-info/SOURCES.txt'
[4.511s] running build
[4.511s] running build_py
[4.511s] creating /home/snaseem8/ros2_ws/src/squirtle_waypoint_nav/build/squirtle_waypoint_nav/build
[4.511s] creating /home/snaseem8/ros2_ws/src/squirtle_waypoint_nav/build/squirtle_waypoint_nav/build/lib
[4.511s] creating /home/snaseem8/ros2_ws/src/squirtle_waypoint_nav/build/squirtle_waypoint_nav/build/lib/squirtle_waypoint_nav
[4.511s] copying squirtle_waypoint_nav/publish_waypoints.py -> /home/snaseem8/ros2_ws/src/squirtle_waypoint_nav/build/squirtle_waypoint_nav/build/lib/squirtle_waypoint_nav
[4.511s] copying squirtle_waypoint_nav/__init__.py -> /home/snaseem8/ros2_ws/src/squirtle_waypoint_nav/build/squirtle_waypoint_nav/build/lib/squirtle_waypoint_nav
[4.511s] running install
[4.522s] running install_lib
[4.576s] creating /home/snaseem8/ros2_ws/src/squirtle_waypoint_nav/install/squirtle_waypoint_nav/lib/python3.10/site-packages/squirtle_waypoint_nav
[4.576s] copying /home/snaseem8/ros2_ws/src/squirtle_waypoint_nav/build/squirtle_waypoint_nav/build/lib/squirtle_waypoint_nav/publish_waypoints.py -> /home/snaseem8/ros2_ws/src/squirtle_waypoint_nav/install/squirtle_waypoint_nav/lib/python3.10/site-packages/squirtle_waypoint_nav
[4.577s] copying /home/snaseem8/ros2_ws/src/squirtle_waypoint_nav/build/squirtle_waypoint_nav/build/lib/squirtle_waypoint_nav/__init__.py -> /home/snaseem8/ros2_ws/src/squirtle_waypoint_nav/install/squirtle_waypoint_nav/lib/python3.10/site-packages/squirtle_waypoint_nav
[4.581s] byte-compiling /home/snaseem8/ros2_ws/src/squirtle_waypoint_nav/install/squirtle_waypoint_nav/lib/python3.10/site-packages/squirtle_waypoint_nav/publish_waypoints.py to publish_waypoints.cpython-310.pyc
[4.582s] byte-compiling /home/snaseem8/ros2_ws/src/squirtle_waypoint_nav/install/squirtle_waypoint_nav/lib/python3.10/site-packages/squirtle_waypoint_nav/__init__.py to __init__.cpython-310.pyc
[4.582s] running install_data
[4.582s] creating /home/snaseem8/ros2_ws/src/squirtle_waypoint_nav/install/squirtle_waypoint_nav/share/ament_index
[4.583s] creating /home/snaseem8/ros2_ws/src/squirtle_waypoint_nav/install/squirtle_waypoint_nav/share/ament_index/resource_index
[4.583s] creating /home/snaseem8/ros2_ws/src/squirtle_waypoint_nav/install/squirtle_waypoint_nav/share/ament_index/resource_index/packages
[4.583s] copying resource/squirtle_waypoint_nav -> /home/snaseem8/ros2_ws/src/squirtle_waypoint_nav/install/squirtle_waypoint_nav/share/ament_index/resource_index/packages
[4.583s] copying package.xml -> /home/snaseem8/ros2_ws/src/squirtle_waypoint_nav/install/squirtle_waypoint_nav/share/squirtle_waypoint_nav
[4.583s] running install_egg_info
[4.674s] Copying build/squirtle_waypoint_nav/squirtle_waypoint_nav.egg-info to /home/snaseem8/ros2_ws/src/squirtle_waypoint_nav/install/squirtle_waypoint_nav/lib/python3.10/site-packages/squirtle_waypoint_nav-0.0.0-py3.10.egg-info
[4.680s] running install_scripts
[5.158s] Installing publish_waypoints script to /home/snaseem8/ros2_ws/src/squirtle_waypoint_nav/install/squirtle_waypoint_nav/lib/squirtle_waypoint_nav
[5.160s] writing list of installed files to '/home/snaseem8/ros2_ws/src/squirtle_waypoint_nav/build/squirtle_waypoint_nav/install.log'
[5.284s] Invoked command in '/home/snaseem8/ros2_ws/src/squirtle_waypoint_nav' returned '0': PYTHONPATH=/home/snaseem8/ros2_ws/src/squirtle_waypoint_nav/build/squirtle_waypoint_nav/prefix_override:/usr/lib/python3/dist-packages/colcon_core/task/python/colcon_distutils_commands:/home/snaseem8/ros2_ws/src/squirtle_waypoint_nav/install/squirtle_waypoint_nav/lib/python3.10/site-packages:${PYTHONPATH} /usr/bin/python3 -W ignore:setup.py install is deprecated -W ignore:easy_install command is deprecated setup.py egg_info --egg-base build/squirtle_waypoint_nav build --build-base /home/snaseem8/ros2_ws/src/squirtle_waypoint_nav/build/squirtle_waypoint_nav/build install --record /home/snaseem8/ros2_ws/src/squirtle_waypoint_nav/build/squirtle_waypoint_nav/install.log --single-version-externally-managed install_data
