running egg_info
writing build/squirtle_waypoint_nav/squirtle_waypoint_nav.egg-info/PKG-INFO
writing dependency_links to build/squirtle_waypoint_nav/squirtle_waypoint_nav.egg-info/dependency_links.txt
writing entry points to build/squirtle_waypoint_nav/squirtle_waypoint_nav.egg-info/entry_points.txt
writing requirements to build/squirtle_waypoint_nav/squirtle_waypoint_nav.egg-info/requires.txt
writing top-level names to build/squirtle_waypoint_nav/squirtle_waypoint_nav.egg-info/top_level.txt
reading manifest file 'build/squirtle_waypoint_nav/squirtle_waypoint_nav.egg-info/SOURCES.txt'
adding license file 'LICENSE'
writing manifest file 'build/squirtle_waypoint_nav/squirtle_waypoint_nav.egg-info/SOURCES.txt'
running build
running build_py
copying squirtle_waypoint_nav/publish_waypoints.py -> /home/snaseem8/ros2_ws/src/squirtle_waypoint_nav/build/squirtle_waypoint_nav/build/lib/squirtle_waypoint_nav
running install
running install_lib
copying /home/snaseem8/ros2_ws/src/squirtle_waypoint_nav/build/squirtle_waypoint_nav/build/lib/squirtle_waypoint_nav/publish_waypoints.py -> /home/snaseem8/ros2_ws/src/squirtle_waypoint_nav/install/squirtle_waypoint_nav/lib/python3.10/site-packages/squirtle_waypoint_nav
byte-compiling /home/snaseem8/ros2_ws/src/squirtle_waypoint_nav/install/squirtle_waypoint_nav/lib/python3.10/site-packages/squirtle_waypoint_nav/publish_waypoints.py to publish_waypoints.cpython-310.pyc
running install_data
running install_egg_info
removing '/home/snaseem8/ros2_ws/src/squirtle_waypoint_nav/install/squirtle_waypoint_nav/lib/python3.10/site-packages/squirtle_waypoint_nav-0.0.0-py3.10.egg-info' (and everything under it)
Copying build/squirtle_waypoint_nav/squirtle_waypoint_nav.egg-info to /home/snaseem8/ros2_ws/src/squirtle_waypoint_nav/install/squirtle_waypoint_nav/lib/python3.10/site-packages/squirtle_waypoint_nav-0.0.0-py3.10.egg-info
running install_scripts
Installing publish_waypoints script to /home/snaseem8/ros2_ws/src/squirtle_waypoint_nav/install/squirtle_waypoint_nav/lib/squirtle_waypoint_nav
writing list of installed files to '/home/snaseem8/ros2_ws/src/squirtle_waypoint_nav/build/squirtle_waypoint_nav/install.log'
